<?xml version="1.0" encoding="UTF-8"?>
<!-- Generated by org.testng.reporters.JUnitReportReporter -->
<testsuite hostname="ampc41-All-Series" failures="0" tests="2" name="com.app.datadriven.ExcelDataDriven" time="18.199" errors="0" timestamp="2021-10-20T17:34:38 IST" skipped="0">
  <testcase classname="com.app.datadriven.ExcelDataDriven" name="Test1" time="6.749"/>
  <system-out/>
  <testcase classname="com.app.datadriven.ExcelDataDriven" name="Test1" time="11.450"/>
  <system-out/>
</testsuite> <!-- com.app.datadriven.ExcelDataDriven -->
