<?xml version="1.0" encoding="UTF-8"?>
<!-- Generated by org.testng.reporters.JUnitReportReporter -->
<testsuite hostname="ampc41-All-Series" failures="0" tests="1" name="com.app.addpro.AddAndCheckout" time="56.241" errors="0" timestamp="2021-10-25T14:18:09 IST" skipped="0">
  <testcase classname="com.app.addpro.AddAndCheckout" name="HomePage" time="56.241"/>
  <system-out/>
</testsuite> <!-- com.app.addpro.AddAndCheckout -->
