<?xml version="1.0" encoding="UTF-8"?>
<!-- Generated by org.testng.reporters.JUnitReportReporter -->
<testsuite hostname="ampc41-All-Series" failures="0" tests="1" name="com.app.login.loginpage" time="11.355" errors="0" timestamp="2021-10-19T12:20:10 IST" skipped="0">
  <testcase classname="com.app.login.loginpage" name="HomePage" time="11.355"/>
  <system-out/>
</testsuite> <!-- com.app.login.loginpage -->
