<?xml version="1.0" encoding="UTF-8"?>
<!-- Generated by org.testng.reporters.JUnitReportReporter -->
<testsuite hostname="ampc41-All-Series" failures="0" tests="1" name="com.app.addproduct.AddProduct" time="47.228" errors="0" timestamp="2021-10-20T18:26:30 IST" skipped="0">
  <testcase classname="com.app.addproduct.AddProduct" name="adProduct" time="47.228"/>
  <system-out/>
</testsuite> <!-- com.app.addproduct.AddProduct -->
